  Memory_manager.c
D:\Projects\Memory-manager\Memory manager\Memory manager\Memory_manager.c(47,22): warning C4018: <: несоответствие типов со знаком и без знака
D:\Projects\Memory-manager\Memory manager\Memory manager\Memory_manager.c(65,107): warning C4554: "&": проверьте приоритет операторов на ошибки; для уточнения приоритета используйте скобки
D:\Projects\Memory-manager\Memory manager\Memory manager\Memory_manager.c(69,70): warning C4554: "&": проверьте приоритет операторов на ошибки; для уточнения приоритета используйте скобки
D:\Projects\Memory-manager\Memory manager\Memory manager\Memory_manager.c(72,19): warning C4013: addSegment: нет определения; предполагается "extern" с возвратом типа "int"
D:\Projects\Memory-manager\Memory manager\Memory manager\Memory_manager.c(72,91): warning C4013: findSegmentID: нет определения; предполагается "extern" с возвратом типа "int"
D:\Projects\Memory-manager\Memory manager\Memory manager\Memory_manager.c(90,15): warning C4013: deleteSegment: нет определения; предполагается "extern" с возвратом типа "int"
D:\Projects\Memory-manager\Memory manager\Memory manager\Memory_manager.c(114,100): warning C4554: "&": проверьте приоритет операторов на ошибки; для уточнения приоритета используйте скобки
D:\Projects\Memory-manager\Memory manager\Memory manager\Memory_manager.c(118,55): warning C4013: getSegmentArrayIndex: нет определения; предполагается "extern" с возвратом типа "int"
D:\Projects\Memory-manager\Memory manager\Memory manager\Memory_manager.c(126,29): warning C4013: malloc: нет определения; предполагается "extern" с возвратом типа "int"
D:\Projects\Memory-manager\Memory manager\Memory manager\Memory_manager.c(130,55): warning C4018: <: несоответствие типов со знаком и без знака
D:\Projects\Memory-manager\Memory manager\Memory manager\Memory_manager.c(132,10): warning C4477: "printf": в строке форматирования "%c" требуется аргумент типа "int", но вариативный аргумент "2" имеет тип "void *"
D:\Projects\Memory-manager\Memory manager\Memory manager\Memory_manager.c(164,46): warning C4047: =: "void *" отличается по уровням косвенного обращения от "char"
D:\Projects\Memory-manager\Memory manager\Memory manager\Memory_manager.c(166,10): warning C4473: "printf": передано недостаточно аргументов для строки формата
D:\Projects\Memory-manager\Memory manager\Memory manager\Memory_manager.c(166,10): message : заполнители и их параметры ожидают переменное число аргументов в количестве 6, но было предоставлено 5
D:\Projects\Memory-manager\Memory manager\Memory manager\Memory_manager.c(166,10): message : отсутствующий вариативный аргумент "6" требуется для строки форматирования "%i"
D:\Projects\Memory-manager\Memory manager\Memory manager\Memory_manager.c(193,29): warning C4013: calloc: нет определения; предполагается "extern" с возвратом типа "int"
D:\Projects\Memory-manager\Memory manager\Memory manager\Memory_manager.c(203,1): warning C4047: инициализация: "VA" отличается по уровням косвенного обращения от "VA *"
D:\Projects\Memory-manager\Memory manager\Memory manager\Memory_manager.c(276,6): warning C4013: free: нет определения; предполагается "extern" с возвратом типа "int"
D:\Projects\Memory-manager\Memory manager\Memory manager\Memory_manager.c(299,10): warning C4477: "printf": в строке форматирования "%i" требуется аргумент типа "int", но вариативный аргумент "4" имеет тип "void *"
D:\Projects\Memory-manager\Memory manager\Memory manager\Memory_manager.c(332,45): warning C4018: <: несоответствие типов со знаком и без знака
  Создание кода
  2 of 12 functions (16.7%) were compiled, the rest were copied from previous compilation.
    0 functions were new in current compilation
    2 functions had inline decision re-evaluated but remain unchanged
  Создание кода завершено
  Memory manager.vcxproj -> D:\Projects\Memory-manager\Memory manager\Release\Memory manager.exe
